#
# There is insufficient memory for the Java Runtime Environment to continue.
# Native memory allocation (mmap) failed to map 257949696 bytes for G1 virtual space
# Possible reasons:
#   The system is out of physical RAM or swap space
#   The process is running with CompressedOops enabled, and the Java Heap may be blocking the growth of the native heap
# Possible solutions:
#   Reduce memory load on the system
#   Increase physical memory or swap space
#   Check if swap backing store is full
#   Decrease Java heap size (-Xmx/-Xms)
#   Decrease number of Java threads
#   Decrease Java thread stack sizes (-Xss)
#   Set larger code cache with -XX:ReservedCodeCacheSize=
#   JVM is running with Zero Based Compressed Oops mode in which the Java heap is
#     placed in the first 32GB address space. The Java Heap base address is the
#     maximum limit for the native heap growth. Please use -XX:HeapBaseMinAddress
#     to set the Java Heap base and to place the Java Heap above 32GB virtual address.
# This output file may be truncated or incomplete.
#
#  Out of Memory Error (os_windows.cpp:3552), pid=30700, tid=45808
#
# JRE version:  (17.0.9+11) (build )
# Java VM: Java HotSpot(TM) 64-Bit Server VM (17.0.9+11-LTS-201, mixed mode, sharing, tiered, compressed oops, compressed class ptrs, g1 gc, windows-amd64)
# No core dump will be written. Minidumps are not enabled by default on client versions of Windows
#

---------------  S U M M A R Y ------------

Command Line: -XX:+ShowCodeDetailsInExceptionMessages MainApplication

Host: AMD Ryzen 5 7530U with Radeon Graphics         , 12 cores, 15G,  Windows 11 , 64 bit Build 22621 (10.0.22621.2428)
Time: Thu Nov 16 19:02:32 2023 Eastern Standard Time elapsed time: 0.018223 seconds (0d 0h 0m 0s)

---------------  T H R E A D  ---------------

Current thread (0x00000215898eb870):  JavaThread "Unknown thread" [_thread_in_vm, id=45808, stack(0x000000e46f800000,0x000000e46f900000)]

Stack: [0x000000e46f800000,0x000000e46f900000]
Native frames: (J=compiled Java code, j=interpreted, Vv=VM code, C=native code)
V  [jvm.dll+0x678a4a]
V  [jvm.dll+0x7d9cfd]
V  [jvm.dll+0x7db60e]
V  [jvm.dll+0x7dbc73]
V  [jvm.dll+0x245e1f]
V  [jvm.dll+0x6758f9]
V  [jvm.dll+0x66a2a2]
V  [jvm.dll+0x303686]
V  [jvm.dll+0x30ac06]
V  [jvm.dll+0x35a48e]
V  [jvm.dll+0x35a6bf]
V  [jvm.dll+0x2da678]
V  [jvm.dll+0x2db5e4]
V  [jvm.dll+0x7ab6b1]
V  [jvm.dll+0x368041]
V  [jvm.dll+0x78a749]
V  [jvm.dll+0x3ebd4f]
V  [jvm.dll+0x3ed7d1]
C  [jli.dll+0x5297]
C  [ucrtbase.dll+0x29363]
C  [KERNEL32.DLL+0x1257d]
C  [ntdll.dll+0x5aa78]


---------------  P R O C E S S  ---------------

Threads class SMR info:
_java_thread_list=0x00007ffc87f389d8, length=0, elements={
}

Java Threads: ( => current thread )

Other Threads:
  0x0000021589954750 GCTaskThread "GC Thread#0" [stack: 0x000000e46f900000,0x000000e46fa00000] [id=31528]
  0x0000021589967a90 ConcurrentGCThread "G1 Main Marker" [stack: 0x000000e46fa00000,0x000000e46fb00000] [id=16216]
  0x00000215899692c0 ConcurrentGCThread "G1 Conc#0" [stack: 0x000000e46fb00000,0x000000e46fc00000] [id=12620]

[error occurred during error reporting (printing all threads), id 0xc0000005, EXCEPTION_ACCESS_VIOLATION (0xc0000005) at pc=0x00007ffc8776b2d7]

VM state: not at safepoint (not fully initialized)

VM Mutex/Monitor currently owned by a thread:  ([mutex/lock_event])
[0x000002158783dd30] Heap_lock - owner thread: 0x00000215898eb870

Heap address: 0x000000070a400000, size: 3932 MB, Compressed Oops mode: Zero based, Oop shift amount: 3

CDS archive(s) mapped at: [0x0000000000000000-0x0000000000000000-0x0000000000000000), size 0, SharedBaseAddress: 0x0000000800000000, ArchiveRelocationMode: 1.
Narrow klass base: 0x0000000000000000, Narrow klass shift: 0, Narrow klass range: 0x0

GC Precious Log:
<Empty>

Heap:
 garbage-first heap   total 0K, used 0K [0x000000070a400000, 0x0000000800000000)
  region size 2048K, 0 young (0K), 0 survivors (0K)

[error occurred during error reporting (printing heap information), id 0xc0000005, EXCEPTION_ACCESS_VIOLATION (0xc0000005) at pc=0x00007ffc87b52229]

GC Heap History (0 events):
No events

Deoptimization events (0 events):
No events

Classes unloaded (0 events):
No events

Classes redefined (0 events):
No events

Internal exceptions (0 events):
No events

VM Operations (0 events):
No events

Events (1 events):
Event: 0.010 Loaded shared library C:\Program Files\Java\jdk-17\bin\java.dll


Dynamic libraries:
0x00007ff6c5d80000 - 0x00007ff6c5d90000 	C:\Program Files\Java\jdk-17\bin\java.exe
0x00007ffd08d90000 - 0x00007ffd08fa7000 	C:\Windows\SYSTEM32\ntdll.dll
0x00007ffd07f00000 - 0x00007ffd07fc4000 	C:\Windows\System32\KERNEL32.DLL
0x00007ffd06740000 - 0x00007ffd06ae6000 	C:\Windows\System32\KERNELBASE.dll
0x00007ffd06250000 - 0x00007ffd06361000 	C:\Windows\System32\ucrtbase.dll
0x00007ffcf6d90000 - 0x00007ffcf6dab000 	C:\Program Files\Java\jdk-17\bin\VCRUNTIME140.dll
0x00007ffd00bd0000 - 0x00007ffd00be9000 	C:\Program Files\Java\jdk-17\bin\jli.dll
0x00007ffd087b0000 - 0x00007ffd08860000 	C:\Windows\System32\ADVAPI32.dll
0x00007ffd07940000 - 0x00007ffd079e7000 	C:\Windows\System32\msvcrt.dll
0x00007ffd08170000 - 0x00007ffd08216000 	C:\Windows\System32\sechost.dll
0x00007ffd08b30000 - 0x00007ffd08c47000 	C:\Windows\System32\RPCRT4.dll
0x00007ffd06e80000 - 0x00007ffd0702d000 	C:\Windows\System32\USER32.dll
0x00007ffd065a0000 - 0x00007ffd065c6000 	C:\Windows\System32\win32u.dll
0x00007ffd08940000 - 0x00007ffd08969000 	C:\Windows\System32\GDI32.dll
0x00007ffcf9ff0000 - 0x00007ffcfa283000 	C:\Windows\WinSxS\amd64_microsoft.windows.common-controls_6595b64144ccf1df_6.0.22621.2361_none_2712ced57382f843\COMCTL32.dll
0x00007ffd06480000 - 0x00007ffd06598000 	C:\Windows\System32\gdi32full.dll
0x00007ffd06370000 - 0x00007ffd0640a000 	C:\Windows\System32\msvcp_win.dll
0x00007ffcfd900000 - 0x00007ffcfd90a000 	C:\Windows\SYSTEM32\VERSION.dll
0x00007ffd06d30000 - 0x00007ffd06d61000 	C:\Windows\System32\IMM32.DLL
0x00007ffd003c0000 - 0x00007ffd003cc000 	C:\Program Files\Java\jdk-17\bin\vcruntime140_1.dll
0x00007ffcc5b90000 - 0x00007ffcc5c1e000 	C:\Program Files\Java\jdk-17\bin\msvcp140.dll
0x00007ffc87480000 - 0x00007ffc88061000 	C:\Program Files\Java\jdk-17\bin\server\jvm.dll
0x00007ffd07ed0000 - 0x00007ffd07ed8000 	C:\Windows\System32\PSAPI.DLL
0x00007ffd02cf0000 - 0x00007ffd02d24000 	C:\Windows\SYSTEM32\WINMM.dll
0x00007ffce3be0000 - 0x00007ffce3be9000 	C:\Windows\SYSTEM32\WSOCK32.dll
0x00007ffd080e0000 - 0x00007ffd08151000 	C:\Windows\System32\WS2_32.dll
0x00007ffd05190000 - 0x00007ffd051a8000 	C:\Windows\SYSTEM32\kernel.appcore.dll
0x00007ffd00bf0000 - 0x00007ffd00bfa000 	C:\Program Files\Java\jdk-17\bin\jimage.dll
0x00007ffd037b0000 - 0x00007ffd039de000 	C:\Windows\SYSTEM32\DBGHELP.DLL
0x00007ffd07b40000 - 0x00007ffd07eca000 	C:\Windows\System32\combase.dll
0x00007ffd08860000 - 0x00007ffd08937000 	C:\Windows\System32\OLEAUT32.dll
0x00007ffd02cb0000 - 0x00007ffd02ce2000 	C:\Windows\SYSTEM32\dbgcore.DLL
0x00007ffd061d0000 - 0x00007ffd0624a000 	C:\Windows\System32\bcryptPrimitives.dll
0x00007ffcf64b0000 - 0x00007ffcf64d5000 	C:\Program Files\Java\jdk-17\bin\java.dll

dbghelp: loaded successfully - version: 4.0.5 - missing functions: none
symbol engine: initialized successfully - sym options: 0x614 - pdb path: .;C:\Program Files\Java\jdk-17\bin;C:\Windows\SYSTEM32;C:\Windows\WinSxS\amd64_microsoft.windows.common-controls_6595b64144ccf1df_6.0.22621.2361_none_2712ced57382f843;C:\Program Files\Java\jdk-17\bin\server

VM Arguments:
jvm_args: -XX:+ShowCodeDetailsInExceptionMessages 
java_command: MainApplication
java_class_path (initial): C:\Users\ricar\AppData\Roaming\Code\User\workspaceStorage\e15baf06c214a7fd434437e4636dc2b2\redhat.java\jdt_ws\Ricardo_3750459f\bin
Launcher Type: SUN_STANDARD

[Global flags]
     intx CICompilerCount                          = 4                                         {product} {ergonomic}
     uint ConcGCThreads                            = 3                                         {product} {ergonomic}
     uint G1ConcRefinementThreads                  = 10                                        {product} {ergonomic}
   size_t G1HeapRegionSize                         = 2097152                                   {product} {ergonomic}
    uintx GCDrainStackTargetSize                   = 64                                        {product} {ergonomic}
   size_t InitialHeapSize                          = 257949696                                 {product} {ergonomic}
   size_t MarkStackSize                            = 4194304                                   {product} {ergonomic}
   size_t MaxHeapSize                              = 4123000832                                {product} {ergonomic}
   size_t MinHeapDeltaBytes                        = 2097152                                   {product} {ergonomic}
   size_t MinHeapSize                              = 8388608                                   {product} {ergonomic}
    uintx NonNMethodCodeHeapSize                   = 5839372                                {pd product} {ergonomic}
    uintx NonProfiledCodeHeapSize                  = 122909434                              {pd product} {ergonomic}
    uintx ProfiledCodeHeapSize                     = 122909434                              {pd product} {ergonomic}
    uintx ReservedCodeCacheSize                    = 251658240                              {pd product} {ergonomic}
     bool SegmentedCodeCache                       = true                                      {product} {ergonomic}
     bool ShowCodeDetailsInExceptionMessages       = true                                   {manageable} {command line}
   size_t SoftMaxHeapSize                          = 4123000832                             {manageable} {ergonomic}
     bool UseCompressedClassPointers               = true                           {product lp64_product} {ergonomic}
     bool UseCompressedOops                        = true                           {product lp64_product} {ergonomic}
     bool UseG1GC                                  = true                                      {product} {ergonomic}
     bool UseLargePagesIndividualAllocation        = false                                  {pd product} {ergonomic}

Logging:
Log output configuration:
 #0: stdout all=warning uptime,level,tags
 #1: stderr all=off uptime,level,tags

Environment Variables:
PATH=C:\Program Files\Common Files\Oracle\Java\javapath;C:\Windows\system32;C:\Windows;C:\Windows\System32\Wbem;C:\Windows\System32\WindowsPowerShell\v1.0\;C:\Windows\System32\OpenSSH\;C:\Program Files\Git\cmd;C:\Program Files (x86)\HP\HP OCR\DB_Lib\;C:\Program Files\HP\Common\HPDestPlgIn\;C:\Program Files (x86)\HP\Common\HPDestPlgIn\;C:\Program Files\GitHub CLI\;C:\Program Files\nodejs\;C:\Users\ricar\AppData\Local\Microsoft\WindowsApps;;C:\Users\ricar\AppData\Local\Programs\Microsoft VS Code\bin;C:\Program Files\HP\Common\HPDestPlgIn\;C:\Program Files (x86)\HP\Common\HPDestPlgIn\;C:\Users\ricar\AppData\Roaming\npm
USERNAME=ricar
LANG=en_US.UTF-8
OS=Windows_NT
PROCESSOR_IDENTIFIER=AMD64 Family 25 Model 80 Stepping 0, AuthenticAMD



---------------  S Y S T E M  ---------------

OS:
 Windows 11 , 64 bit Build 22621 (10.0.22621.2428)
OS uptime: 6 days 21:13 hours
Hyper-V role detected

CPU: total 12 (initial active 12) (12 cores per cpu, 2 threads per core) family 25 model 80 stepping 0 microcode 0x0, cx8, cmov, fxsr, ht, mmx, 3dnowpref, sse, sse2, sse3, ssse3, sse4a, sse4.1, sse4.2, popcnt, lzcnt, tsc, tscinvbit, avx, avx2, aes, erms, clmul, bmi1, bmi2, adx, sha, fma, vzeroupper, clflush, clflushopt, hv

Memory: 4k page, system-wide physical 15726M (1333M free)
TotalPageFile size 64878M (AvailPageFile size 15M)
current process WorkingSet (physical memory assigned to process): 11M, peak: 11M
current process commit charge ("private bytes"): 64M, peak: 310M

vm_info: Java HotSpot(TM) 64-Bit Server VM (17.0.9+11-LTS-201) for windows-amd64 JRE (17.0.9+11-LTS-201), built on Oct 10 2023 23:16:06 by "mach5one" with MS VC++ 17.1 (VS2022)

END.
